<?xml version="1.0" encoding="UTF-8"?>
<!-- Generated by org.testng.reporters.JUnitReportReporter -->
<testsuite hostname="FFE-Wakchaure-Aniket-Machhindra" failures="0" tests="2" name="ninza.CRMLeadsTest.LeadTest" time="25.316" errors="0" timestamp="2025-08-20T11:53:52 IST" skipped="0">
  <testcase classname="ninza.CRMLeadsTest.LeadTest" name="createCampaign" time="13.881"/>
  <testcase classname="ninza.CRMLeadsTest.LeadTest" name="createCampaign" time="11.435"/>
</testsuite> <!-- ninza.CRMLeadsTest.LeadTest -->
