<?xml version="1.0" encoding="UTF-8"?>
<!-- Generated by org.testng.reporters.JUnitReportReporter -->
<testsuite hostname="FFE-Wakchaure-Aniket-Machhindra" failures="0" tests="3" name="practice.HelperTest" time="0.012" errors="0" timestamp="2025-08-18T10:54:09 IST" skipped="0">
  <testcase classname="practice.HelperTest" name="create" time="0.010"/>
  <testcase classname="practice.HelperTest" name="delete" time="0.001"/>
  <testcase classname="practice.HelperTest" name="modify" time="0.001"/>
</testsuite> <!-- practice.HelperTest -->
