<?xml version="1.0" encoding="UTF-8"?>
<!-- Generated by org.testng.reporters.JUnitReportReporter -->
<testsuite hostname="FFE-Wakchaure-Aniket-Machhindra" failures="0" tests="4" name="practice.TestHelperInvocation" time="0.017" errors="0" timestamp="2025-08-18T11:03:56 IST" skipped="0">
  <testcase classname="practice.TestHelperInvocation" name="create" time="0.011"/>
  <testcase classname="practice.TestHelperInvocation" name="modify" time="0.002"/>
  <testcase classname="practice.TestHelperInvocation" name="delete" time="0.002"/>
  <testcase classname="practice.TestHelperInvocation" name="modify" time="0.002"/>
</testsuite> <!-- practice.TestHelperInvocation -->
