<?xml version="1.0" encoding="UTF-8"?>
<!-- Generated by org.testng.reporters.JUnitReportReporter -->
<testsuite hostname="FFE-Wakchaure-Aniket-Machhindra" failures="0" tests="4" name="practice.TestHelperDateProvider" time="0.027" errors="0" timestamp="2025-08-18T11:50:55 IST" skipped="0">
  <testcase classname="practice.TestHelperDateProvider" name="create" time="0.003"/>
  <testcase classname="practice.TestHelperDateProvider" name="create" time="0.003"/>
  <testcase classname="practice.TestHelperDateProvider" name="create" time="0.004"/>
  <testcase classname="practice.TestHelperDateProvider" name="create" time="0.017"/>
</testsuite> <!-- practice.TestHelperDateProvider -->
