<?xml version="1.0" encoding="UTF-8"?>
<!-- Generated by org.testng.reporters.JUnitReportReporter -->
<testsuite hostname="FFE-Wakchaure-Aniket-Machhindra" failures="0" tests="1" name="practice.Testngpractice" time="4.575" errors="0" timestamp="2025-08-14T10:36:28 IST" skipped="0">
  <testcase classname="practice.Testngpractice" name="sampleTest" time="4.575"/>
</testsuite> <!-- practice.Testngpractice -->
